<?xml version="1.0" encoding="UTF-8"?>
<!-- Generated by org.testng.reporters.JUnitXMLReporter -->
<testsuite ignored="0" hostname="LIN24011000" failures="0" tests="10" name="Default test" time="193.996" errors="0" timestamp="2022-03-21T20:11:50 IST">
  <testcase classname="com.runner.apolloRunner" name="Scenario" time="12.01"/>
  <testcase classname="com.runner.apolloRunner" name="Scenario" time="15.7"/>
  <testcase classname="com.runner.apolloRunner" name="Scenario" time="19.852"/>
  <testcase classname="com.runner.apolloRunner" name="Scenario" time="13.212"/>
  <testcase classname="com.runner.apolloRunner" name="Scenario" time="19.701"/>
  <testcase classname="com.runner.apolloRunner" name="Scenario" time="25.243"/>
  <testcase classname="com.runner.apolloRunner" name="Scenario" time="20.726"/>
  <testcase classname="com.runner.apolloRunner" name="Scenario" time="26.195"/>
  <testcase classname="com.runner.apolloRunner" name="Scenario" time="11.084"/>
  <testcase classname="com.runner.apolloRunner" name="Scenario" time="29.639"/>
</testsuite> <!-- Default test -->
