<?xml version="1.0" encoding="UTF-8" standalone="no"?>
<testsuite errors="0" failures="0" name="io.cucumber.core.plugin.JUnitFormatter" skipped="0" tests="8" time="150.538">
    <testcase classname="Book Medicines" name="Check login is successful with valid credentials" time="31.005">
        <system-out><![CDATA[Given homepage is open......................................................passed
When user enters phone number...............................................passed
Then sucessful login........................................................passed
]]></system-out>
    </testcase>
    <testcase classname="Book Medicines" name="Adding multiple medicine to Cart" time="10.604">
        <system-out><![CDATA[Given user is in homepage...................................................passed
And user is on Pharmacy page................................................passed
And user selects a Category.................................................passed
When user clicks on Add to Cart.............................................passed
Then products are added to the Cart.........................................passed
]]></system-out>
    </testcase>
    <testcase classname="Book Medicines" name="Remove medicine to Cart" time="14.29">
        <system-out><![CDATA[Given website is open.......................................................passed
When user clicks on Remove from Cart in cart................................passed
Then product is removed from the Cart.......................................passed
]]></system-out>
    </testcase>
    <testcase classname="Book Medicines" name="Updation of medicine quantity" time="0.002">
        <system-out><![CDATA[Given user is in the website................................................passed
When user increments or decrements items in cart............................passed
Then number of items in cart is altered.....................................passed
]]></system-out>
    </testcase>
    <testcase classname="Order Medicines" name="Invalid length of input less than lowerbound." time="19.369">
        <system-out><![CDATA[Given home page opened......................................................passed
And user enters the medicine details........................................passed
When user enters pincode of length less than six digits.....................passed
Then error message displayed................................................passed
]]></system-out>
    </testcase>
    <testcase classname="Order Medicines" name="Invalid length of input less than upperbound." time="18.377">
        <system-out><![CDATA[Given homepage is opened....................................................passed
And user enters the cart details............................................passed
When user enters pincode of length greater than six digits..................passed
Then error is displayed.....................................................passed
]]></system-out>
    </testcase>
    <testcase classname="Order Medicines" name="Pincode input is unavailable to service in that area" time="20.762">
        <system-out><![CDATA[Given user is in chorme website.............................................passed
And user enters the order details...........................................passed
When user enters unavailable pincode services on address form...............passed
Then error displayed........................................................passed
]]></system-out>
    </testcase>
    <testcase classname="Order Medicines" name="Valid entry of pincode" time="35.946">
        <system-out><![CDATA[Given user is logged-in in the website......................................passed
And user enters the details of medicine.....................................passed
When user enters valid pincode length on address form.......................passed
Then the address details is saved...........................................passed
]]></system-out>
    </testcase>
</testsuite>
