<?xml version="1.0" encoding="UTF-8"?>
<testng-results ignored="0" total="0" passed="0" failed="0" skipped="0">
  <reporter-output>
  </reporter-output>
  <suite started-at="2022-03-21T18:23:58 IST" name="com.stepdefinition.redirectionTest" finished-at="2022-03-21T18:23:58 IST" duration-ms="7">
    <groups>
    </groups>
    <test started-at="2022-03-21T18:23:58 IST" name="Command line test" finished-at="2022-03-21T18:23:58 IST" duration-ms="7">
    </test> <!-- Command line test -->
  </suite> <!-- com.stepdefinition.redirectionTest -->
</testng-results>
