<?xml version="1.0" encoding="UTF-8" standalone="no"?>
<testsuite errors="0" failures="0" name="io.cucumber.core.plugin.JUnitFormatter" skipped="0" tests="10" time="193.459">
    <testcase classname="Home Page Functionality" name="Verification of Login button on home Page" time="11.946">
        <system-out><![CDATA[Given Chrome is Opened......................................................passed
When User is on WebPage.....................................................passed
Then Login button is Visible................................................passed
]]></system-out>
    </testcase>
    <testcase classname="Home Page Functionality" name="Redirection to Home Page on Clicking on the Header or Title on the Page" time="15.689">
        <system-out><![CDATA[Given website is opened.....................................................passed
When click on the logo on the Home Page.....................................passed
Then Redirect to the Home Page..............................................passed
]]></system-out>
    </testcase>
    <testcase classname="Home Page Functionality" name="Redirection to Respective Section on Clicking on the Menu Option." time="19.844">
        <system-out><![CDATA[Given HomePage is opened....................................................passed
When click on the menu options on Home Page.................................passed
Then Redirect to the Respective Page........................................passed
]]></system-out>
    </testcase>
    <testcase classname="Purchase Medicine" name="Search Medicine" time="13.205">
        <system-out><![CDATA[Given website is upon running...............................................passed
And navigate to medicines page..............................................passed
When user type on Search box................................................passed
And user click on Search button.............................................passed
Then list of Searched Products should display...............................passed
]]></system-out>
    </testcase>
    <testcase classname="Purchase Medicine" name="Adding Medicine to the Cart" time="19.688">
        <system-out><![CDATA[Given search Medicine is done...............................................passed
When User click on add to cart button.......................................passed
Then Medicine Successfully add to cart......................................passed
]]></system-out>
    </testcase>
    <testcase classname="Purchase Medicine" name="Updating the Cart" time="25.236">
        <system-out><![CDATA[Given Medicine is added to the Cart.........................................passed
When user click on adding or deleting.......................................passed
Then quantity of products need to be updated in the cart....................passed
]]></system-out>
    </testcase>
    <testcase classname="Purchase Medicine" name="Place order for Medicine" time="20.718">
        <system-out><![CDATA[Given add the medicines to the cart.........................................passed
When User click on the Proceed button.......................................passed
And User Select the Prescription type.......................................passed
And User click on proceed button............................................passed
Then Payment options Page should come.......................................passed
]]></system-out>
    </testcase>
    <testcase classname="Login Functionality" name="Check login is successful with valid credentials�" time="26.186">
        <system-out><![CDATA[Given browser is open.......................................................passed
And User is on login page...................................................passed
When user enters phone number...............................................passed
And click on get otp........................................................passed
And user clicks on login page...............................................passed
Then user is navigated to user profile......................................passed
]]></system-out>
    </testcase>
    <testcase classname="Login Functionality" name="Check login with invalid phone number�" time="11.08">
        <system-out><![CDATA[Given user is in website....................................................passed
And User is on login page invalid...........................................passed
When user enters invalid phone number.......................................passed
Then user is not able click on get OTP button...............................passed
]]></system-out>
    </testcase>
    <testcase classname="Login Functionality" name="Check login with invalid otp" time="29.633">
        <system-out><![CDATA[Given browser is ready......................................................passed
And User is on login........................................................passed
When user enters phone number invalid.......................................passed
And user press on login button..............................................passed
And user enters wrong otp...................................................passed
Then user is not able to click on login button..............................passed
]]></system-out>
    </testcase>
</testsuite>
