<?xml version="1.0" encoding="UTF-8"?>
<testng-results ignored="0" total="10" passed="10" failed="0" skipped="0">
  <reporter-output>
  </reporter-output>
  <suite started-at="2022-03-21T20:08:36 IST" name="Default suite" finished-at="2022-03-21T20:11:50 IST" duration-ms="193996">
    <groups>
      <group name="cucumber">
        <method signature="apolloRunner.Scenario(io.cucumber.testng.PickleWrapper,io.cucumber.testng.FeatureWrapper)[pri:0, instance:com.runner.apolloRunner@27406a17]" name="Scenario" class="com.runner.apolloRunner"/>
      </group> <!-- cucumber -->
    </groups>
    <test started-at="2022-03-21T20:08:36 IST" name="Default test" finished-at="2022-03-21T20:11:50 IST" duration-ms="193996">
      <class name="com.runner.apolloRunner">
        <test-method is-config="true" signature="setUpCucumber()[pri:0, instance:com.runner.apolloRunner@27406a17]" started-at="2022-03-21T20:08:36 IST" name="setUpCucumber" finished-at="2022-03-21T20:08:36 IST" duration-ms="443" status="PASS">
          <reporter-output>
          </reporter-output>
        </test-method> <!-- setUpCucumber -->
        <test-method signature="Scenario(io.cucumber.testng.PickleWrapper,io.cucumber.testng.FeatureWrapper)[pri:0, instance:com.runner.apolloRunner@27406a17]" started-at="2022-03-21T20:08:36 IST" name="Scenario" description="Runs Cucumber Feature" data-provider="Scenarios" finished-at="2022-03-21T20:08:48 IST" duration-ms="12010" status="PASS">
          <params>
            <param index="0">
              <value>
                <![CDATA["Verification of Login button on home Page"]]>
              </value>
            </param>
            <param index="1">
              <value>
                <![CDATA["Optional[Home Page Functionality]"]]>
              </value>
            </param>
          </params>
          <reporter-output>
          </reporter-output>
        </test-method> <!-- Scenario -->
        <test-method signature="Scenario(io.cucumber.testng.PickleWrapper,io.cucumber.testng.FeatureWrapper)[pri:0, instance:com.runner.apolloRunner@27406a17]" started-at="2022-03-21T20:08:48 IST" name="Scenario" description="Runs Cucumber Feature" data-provider="Scenarios" finished-at="2022-03-21T20:09:04 IST" duration-ms="15700" status="PASS">
          <params>
            <param index="0">
              <value>
                <![CDATA["Redirection to Home Page on Clicking on the Header or Title on the Page"]]>
              </value>
            </param>
            <param index="1">
              <value>
                <![CDATA["Optional[Home Page Functionality]"]]>
              </value>
            </param>
          </params>
          <reporter-output>
          </reporter-output>
        </test-method> <!-- Scenario -->
        <test-method signature="Scenario(io.cucumber.testng.PickleWrapper,io.cucumber.testng.FeatureWrapper)[pri:0, instance:com.runner.apolloRunner@27406a17]" started-at="2022-03-21T20:09:04 IST" name="Scenario" description="Runs Cucumber Feature" data-provider="Scenarios" finished-at="2022-03-21T20:09:24 IST" duration-ms="19852" status="PASS">
          <params>
            <param index="0">
              <value>
                <![CDATA["Redirection to Respective Section on Clicking on the Menu Option."]]>
              </value>
            </param>
            <param index="1">
              <value>
                <![CDATA["Optional[Home Page Functionality]"]]>
              </value>
            </param>
          </params>
          <reporter-output>
          </reporter-output>
        </test-method> <!-- Scenario -->
        <test-method signature="Scenario(io.cucumber.testng.PickleWrapper,io.cucumber.testng.FeatureWrapper)[pri:0, instance:com.runner.apolloRunner@27406a17]" started-at="2022-03-21T20:09:24 IST" name="Scenario" description="Runs Cucumber Feature" data-provider="Scenarios" finished-at="2022-03-21T20:09:37 IST" duration-ms="13212" status="PASS">
          <params>
            <param index="0">
              <value>
                <![CDATA["Search Medicine"]]>
              </value>
            </param>
            <param index="1">
              <value>
                <![CDATA["Optional[Purchase Medicine]"]]>
              </value>
            </param>
          </params>
          <reporter-output>
          </reporter-output>
        </test-method> <!-- Scenario -->
        <test-method signature="Scenario(io.cucumber.testng.PickleWrapper,io.cucumber.testng.FeatureWrapper)[pri:0, instance:com.runner.apolloRunner@27406a17]" started-at="2022-03-21T20:09:37 IST" name="Scenario" description="Runs Cucumber Feature" data-provider="Scenarios" finished-at="2022-03-21T20:09:57 IST" duration-ms="19701" status="PASS">
          <params>
            <param index="0">
              <value>
                <![CDATA["Adding Medicine to the Cart"]]>
              </value>
            </param>
            <param index="1">
              <value>
                <![CDATA["Optional[Purchase Medicine]"]]>
              </value>
            </param>
          </params>
          <reporter-output>
          </reporter-output>
        </test-method> <!-- Scenario -->
        <test-method signature="Scenario(io.cucumber.testng.PickleWrapper,io.cucumber.testng.FeatureWrapper)[pri:0, instance:com.runner.apolloRunner@27406a17]" started-at="2022-03-21T20:09:57 IST" name="Scenario" description="Runs Cucumber Feature" data-provider="Scenarios" finished-at="2022-03-21T20:10:22 IST" duration-ms="25243" status="PASS">
          <params>
            <param index="0">
              <value>
                <![CDATA["Updating the Cart"]]>
              </value>
            </param>
            <param index="1">
              <value>
                <![CDATA["Optional[Purchase Medicine]"]]>
              </value>
            </param>
          </params>
          <reporter-output>
          </reporter-output>
        </test-method> <!-- Scenario -->
        <test-method signature="Scenario(io.cucumber.testng.PickleWrapper,io.cucumber.testng.FeatureWrapper)[pri:0, instance:com.runner.apolloRunner@27406a17]" started-at="2022-03-21T20:10:22 IST" name="Scenario" description="Runs Cucumber Feature" data-provider="Scenarios" finished-at="2022-03-21T20:10:43 IST" duration-ms="20726" status="PASS">
          <params>
            <param index="0">
              <value>
                <![CDATA["Place order for Medicine"]]>
              </value>
            </param>
            <param index="1">
              <value>
                <![CDATA["Optional[Purchase Medicine]"]]>
              </value>
            </param>
          </params>
          <reporter-output>
          </reporter-output>
        </test-method> <!-- Scenario -->
        <test-method signature="Scenario(io.cucumber.testng.PickleWrapper,io.cucumber.testng.FeatureWrapper)[pri:0, instance:com.runner.apolloRunner@27406a17]" started-at="2022-03-21T20:10:43 IST" name="Scenario" description="Runs Cucumber Feature" data-provider="Scenarios" finished-at="2022-03-21T20:11:09 IST" duration-ms="26195" status="PASS">
          <params>
            <param index="0">
              <value>
                <![CDATA["Check login is successful with valid credentials�"]]>
              </value>
            </param>
            <param index="1">
              <value>
                <![CDATA["Optional[Login Functionality]"]]>
              </value>
            </param>
          </params>
          <reporter-output>
          </reporter-output>
        </test-method> <!-- Scenario -->
        <test-method signature="Scenario(io.cucumber.testng.PickleWrapper,io.cucumber.testng.FeatureWrapper)[pri:0, instance:com.runner.apolloRunner@27406a17]" started-at="2022-03-21T20:11:09 IST" name="Scenario" description="Runs Cucumber Feature" data-provider="Scenarios" finished-at="2022-03-21T20:11:20 IST" duration-ms="11084" status="PASS">
          <params>
            <param index="0">
              <value>
                <![CDATA["Check login with invalid phone number�"]]>
              </value>
            </param>
            <param index="1">
              <value>
                <![CDATA["Optional[Login Functionality]"]]>
              </value>
            </param>
          </params>
          <reporter-output>
          </reporter-output>
        </test-method> <!-- Scenario -->
        <test-method signature="Scenario(io.cucumber.testng.PickleWrapper,io.cucumber.testng.FeatureWrapper)[pri:0, instance:com.runner.apolloRunner@27406a17]" started-at="2022-03-21T20:11:20 IST" name="Scenario" description="Runs Cucumber Feature" data-provider="Scenarios" finished-at="2022-03-21T20:11:50 IST" duration-ms="29639" status="PASS">
          <params>
            <param index="0">
              <value>
                <![CDATA["Check login with invalid otp"]]>
              </value>
            </param>
            <param index="1">
              <value>
                <![CDATA["Optional[Login Functionality]"]]>
              </value>
            </param>
          </params>
          <reporter-output>
          </reporter-output>
        </test-method> <!-- Scenario -->
        <test-method is-config="true" signature="tearDownClass()[pri:0, instance:com.runner.apolloRunner@27406a17]" started-at="2022-03-21T20:11:50 IST" name="tearDownClass" finished-at="2022-03-21T20:11:50 IST" duration-ms="149" status="PASS">
          <reporter-output>
          </reporter-output>
        </test-method> <!-- tearDownClass -->
      </class> <!-- com.runner.apolloRunner -->
    </test> <!-- Default test -->
  </suite> <!-- Default suite -->
</testng-results>
